{"name": "Cоздание заказа без ингредиентами не авторизированным пользователем", "status": "failed", "statusDetails": {"message": "AssertionError: Ожидался код 400, но получен 500\nassert 500 == 400\n +  where 500 = <Response [500]>.status_code", "trace": "self = <tests.test_create_order.TestCreateOrder object at 0x0000018B44207710>\n\n    @allure.title(\"Cоздание заказа без ингредиентами не авторизированным пользователем\")\n    def test_create_order_with_ingredients(self):\n        response = requests.post(\n            url=TestDataUrl.CREATE_ORDER_URL, json=TestCreateOrderData.no_ingredients, headers=None)\n>       assert response.status_code == 400, f\"Ожидался код 400, но получен {response.status_code}\"\nE       AssertionError: Ожидался код 400, но получен 500\nE       assert 500 == 400\nE        +  where 500 = <Response [500]>.status_code\n\ntests\\test_create_order.py:28: AssertionError"}, "start": 1707828934838, "stop": 1707828935208, "uuid": "a3409184-b42f-46b7-ac6d-811665d3fcef", "historyId": "7c86c6e6b94b01b7af6e86a42ca72c43", "testCaseId": "7c86c6e6b94b01b7af6e86a42ca72c43", "fullName": "tests.test_create_order.TestCreateOrder#test_create_order_with_ingredients", "labels": [{"name": "parentSuite", "value": "tests"}, {"name": "suite", "value": "test_create_order"}, {"name": "subSuite", "value": "TestCreateOrder"}, {"name": "host", "value": "LAPTOP-1KK7H688"}, {"name": "thread", "value": "21644-MainThread"}, {"name": "framework", "value": "pytest"}, {"name": "language", "value": "cpython3"}, {"name": "package", "value": "tests.test_create_order"}]}