{"uid":"3300a87cb019e62a","name":"Cоздание заказа без ингредиентами не авторизированным пользователем","fullName":"tests.test_create_order.TestCreateOrder#test_create_order_with_ingredients","historyId":"7c86c6e6b94b01b7af6e86a42ca72c43","time":{"start":1707828934838,"stop":1707828935208,"duration":370},"status":"failed","statusMessage":"AssertionError: Ожидался код 400, но получен 500\nassert 500 == 400\n +  where 500 = <Response [500]>.status_code","statusTrace":"self = <tests.test_create_order.TestCreateOrder object at 0x0000018B44207710>\n\n    @allure.title(\"Cоздание заказа без ингредиентами не авторизированным пользователем\")\n    def test_create_order_with_ingredients(self):\n        response = requests.post(\n            url=TestDataUrl.CREATE_ORDER_URL, json=TestCreateOrderData.no_ingredients, headers=None)\n>       assert response.status_code == 400, f\"Ожидался код 400, но получен {response.status_code}\"\nE       AssertionError: Ожидался код 400, но получен 500\nE       assert 500 == 400\nE        +  where 500 = <Response [500]>.status_code\n\ntests\\test_create_order.py:28: AssertionError","flaky":false,"newFailed":false,"newBroken":false,"newPassed":false,"retriesCount":1,"retriesStatusChange":false,"beforeStages":[{"name":"_session_faker","time":{"start":1707828927876,"stop":1707828927956,"duration":80},"status":"passed","steps":[],"attachments":[],"parameters":[],"stepsCount":0,"attachmentStep":false,"hasContent":false,"attachmentsCount":0,"shouldDisplayMessage":false}],"afterStages":[],"labels":[{"name":"parentSuite","value":"tests"},{"name":"suite","value":"test_create_order"},{"name":"subSuite","value":"TestCreateOrder"},{"name":"host","value":"LAPTOP-1KK7H688"},{"name":"thread","value":"21644-MainThread"},{"name":"framework","value":"pytest"},{"name":"language","value":"cpython3"},{"name":"package","value":"tests.test_create_order"},{"name":"resultFormat","value":"allure2"}],"parameters":[],"links":[],"hidden":false,"retry":false,"extra":{"severity":"normal","retries":[{"uid":"1174148d0f58a9df","status":"failed","statusDetails":"AssertionError: Ожидался код 400, но получен 500\nassert 500 == 400\n +  where 500 = <Response [500]>.status_code","time":{"start":1707828508721,"stop":1707828509122,"duration":401}}],"categories":[{"name":"Product defects","matchedStatuses":[],"flaky":false}],"tags":[]},"source":"3300a87cb019e62a.json","parameterValues":[]}